{
  "RSpec": {
    "coverage": {
      "/Users/meredithtrevino/turing_work/3mod/projects/WEATHER_WEAR/config/environment.rb": {
        "lines": [
          null,
          1,
          null,
          null,
          1
        ]
      },
      "/Users/meredithtrevino/turing_work/3mod/projects/WEATHER_WEAR/config/application.rb": {
        "lines": [
          1,
          null,
          1,
          null,
          1,
          1,
          1,
          1,
          1,
          1,
          1,
          1,
          1,
          1,
          null,
          null,
          null,
          null,
          1,
          null,
          1,
          1,
          null,
          1,
          null,
          null,
          null,
          null,
          null,
          null,
          null,
          null,
          null,
          null,
          null,
          null,
          1,
          null,
          null
        ]
      },
      "/Users/meredithtrevino/turing_work/3mod/projects/WEATHER_WEAR/config/boot.rb": {
        "lines": [
          1,
          null,
          1,
          1
        ]
      },
      "/Users/meredithtrevino/turing_work/3mod/projects/WEATHER_WEAR/config/environments/test.rb": {
        "lines": [
          1,
          null,
          null,
          null,
          null,
          null,
          null,
          1,
          null,
          null,
          null,
          1,
          null,
          null,
          null,
          null,
          1,
          null,
          null,
          1,
          1,
          null,
          null,
          null,
          null,
          1,
          1,
          1,
          null,
          null,
          1,
          null,
          null,
          1,
          null,
          null,
          1,
          null,
          1,
          null,
          null,
          null,
          null,
          1,
          null,
          null,
          1,
          null,
          null,
          1,
          null,
          null,
          1,
          null,
          null,
          null,
          null,
          null,
          null,
          null
        ]
      },
      "/Users/meredithtrevino/turing_work/3mod/projects/WEATHER_WEAR/config/initializers/cors.rb": {
        "lines": [
          null,
          null,
          null,
          null,
          null,
          null,
          null,
          null,
          null,
          null,
          null,
          null,
          null,
          null,
          null,
          null
        ]
      },
      "/Users/meredithtrevino/turing_work/3mod/projects/WEATHER_WEAR/config/initializers/filter_parameter_logging.rb": {
        "lines": [
          null,
          null,
          null,
          null,
          null,
          1,
          null,
          null
        ]
      },
      "/Users/meredithtrevino/turing_work/3mod/projects/WEATHER_WEAR/config/initializers/inflections.rb": {
        "lines": [
          null,
          null,
          null,
          null,
          null,
          null,
          null,
          null,
          null,
          null,
          null,
          null,
          null,
          null,
          null,
          null
        ]
      },
      "/Users/meredithtrevino/turing_work/3mod/projects/WEATHER_WEAR/spec/factories/sessions.rb": {
        "lines": [
          1,
          1,
          null,
          null,
          null
        ]
      },
      "/Users/meredithtrevino/turing_work/3mod/projects/WEATHER_WEAR/spec/factories/users.rb": {
        "lines": [
          1,
          1,
          null,
          null,
          null
        ]
      },
      "/Users/meredithtrevino/turing_work/3mod/projects/WEATHER_WEAR/config/routes.rb": {
        "lines": [
          1,
          null,
          null,
          null,
          null,
          1,
          1,
          1,
          1,
          1,
          1,
          null,
          null,
          null
        ]
      },
      "/Users/meredithtrevino/turing_work/3mod/projects/WEATHER_WEAR/spec/facades/salary_facade_spec.rb": {
        "lines": [
          1,
          null,
          1,
          1,
          1,
          1,
          1,
          null,
          1,
          1,
          1,
          1,
          1,
          1,
          null,
          null,
          null,
          null
        ]
      },
      "/Users/meredithtrevino/turing_work/3mod/projects/WEATHER_WEAR/spec/models/user_spec.rb": {
        "lines": [
          1,
          null,
          1,
          1,
          2,
          2,
          2,
          null,
          null,
          null,
          1,
          2,
          null,
          null
        ]
      },
      "/Users/meredithtrevino/turing_work/3mod/projects/WEATHER_WEAR/app/models/user.rb": {
        "lines": [
          1,
          1,
          1,
          null,
          1,
          null,
          null
        ]
      },
      "/Users/meredithtrevino/turing_work/3mod/projects/WEATHER_WEAR/app/models/application_record.rb": {
        "lines": [
          1,
          1,
          null
        ]
      },
      "/Users/meredithtrevino/turing_work/3mod/projects/WEATHER_WEAR/spec/poros/forcast_spec.rb": {
        "lines": [
          1,
          null,
          1,
          1,
          1,
          1,
          1,
          null,
          1,
          1,
          1,
          1,
          1,
          1,
          1,
          null,
          null,
          null,
          null
        ]
      },
      "/Users/meredithtrevino/turing_work/3mod/projects/WEATHER_WEAR/spec/poros/salary_spec.rb": {
        "lines": [
          1,
          null,
          1,
          1,
          1,
          1,
          1,
          null,
          null,
          null,
          null
        ]
      },
      "/Users/meredithtrevino/turing_work/3mod/projects/WEATHER_WEAR/spec/requests/api/v1/request_salary_info_spec.rb": {
        "lines": [
          1,
          null,
          1,
          1,
          1,
          1,
          1,
          null,
          1,
          null,
          1,
          null,
          1,
          1,
          1,
          1,
          1,
          1,
          1,
          1,
          1,
          1,
          1,
          null,
          null,
          null,
          null
        ]
      },
      "/Users/meredithtrevino/turing_work/3mod/projects/WEATHER_WEAR/spec/requests/api/v1/sessions_request_spec.rb": {
        "lines": [
          1,
          null,
          1,
          1,
          null,
          0,
          null,
          null,
          null,
          0,
          null,
          null,
          1,
          1,
          null,
          0,
          null,
          null,
          null,
          0,
          0,
          0,
          null,
          0,
          0,
          0,
          0,
          0,
          null,
          null,
          null,
          1,
          1,
          null,
          0,
          null,
          null,
          null,
          0,
          null,
          0,
          0,
          null,
          null,
          1,
          null,
          0,
          null,
          null,
          null,
          0,
          0,
          0,
          null,
          null,
          null
        ]
      },
      "/Users/meredithtrevino/turing_work/3mod/projects/WEATHER_WEAR/spec/requests/api/v1/user_create_request_spec.rb": {
        "lines": [
          1,
          null,
          1,
          1,
          null,
          null,
          0,
          null,
          null,
          null,
          null,
          0,
          null,
          0,
          null,
          0,
          0,
          0,
          0,
          0,
          0,
          0,
          0,
          0,
          null,
          null,
          1,
          null,
          null,
          0,
          null,
          null,
          null,
          null,
          0,
          0,
          null,
          0,
          0,
          0,
          null,
          null,
          1,
          null,
          null,
          0,
          null,
          null,
          null,
          null,
          0,
          null,
          0,
          0,
          0,
          null,
          null,
          1,
          null,
          null,
          0,
          null,
          null,
          null,
          null,
          0,
          null,
          0,
          0,
          0,
          null,
          null,
          1,
          null,
          null,
          0,
          null,
          null,
          null,
          null,
          0,
          null,
          null,
          0,
          null,
          null,
          null,
          null,
          0,
          null,
          0,
          0,
          0,
          null,
          null,
          null
        ]
      },
      "/Users/meredithtrevino/turing_work/3mod/projects/WEATHER_WEAR/spec/requests/api/v1/weather_request_spec.rb": {
        "lines": [
          1,
          null,
          1,
          1,
          1,
          0,
          null,
          0,
          0,
          null,
          0,
          0,
          0,
          0,
          0,
          0,
          0,
          0,
          0,
          0,
          0,
          0,
          null,
          null,
          null,
          1,
          0,
          0,
          null,
          0,
          null,
          null,
          null
        ]
      },
      "/Users/meredithtrevino/turing_work/3mod/projects/WEATHER_WEAR/spec/services/mapquest_service_spec.rb": {
        "lines": [
          1,
          null,
          1,
          1,
          1,
          0,
          0,
          null,
          0,
          0,
          0,
          0,
          null,
          null,
          null,
          null
        ]
      },
      "/Users/meredithtrevino/turing_work/3mod/projects/WEATHER_WEAR/spec/services/teleport_service_spec.rb": {
        "lines": [
          1,
          null,
          1,
          1,
          1,
          0,
          0,
          null,
          0,
          null,
          0,
          0,
          null,
          null,
          null,
          null
        ]
      },
      "/Users/meredithtrevino/turing_work/3mod/projects/WEATHER_WEAR/spec/services/weather_service_spec.rb": {
        "lines": [
          1,
          null,
          1,
          1,
          1,
          0,
          0,
          null,
          0,
          0,
          0,
          null,
          null,
          null,
          null,
          null
        ]
      },
      "/Users/meredithtrevino/turing_work/3mod/projects/WEATHER_WEAR/app/facades/forecast_facade.rb": {
        "lines": [
          1,
          null,
          1,
          2,
          2,
          2,
          2,
          null,
          null,
          null,
          2,
          null,
          null,
          null,
          null,
          null,
          null,
          null,
          null,
          null,
          2,
          null,
          10,
          null,
          null,
          null,
          null,
          null,
          null,
          null,
          null,
          null,
          2,
          null,
          48,
          null,
          null,
          null,
          null,
          null,
          2,
          null,
          null
        ]
      },
      "/Users/meredithtrevino/turing_work/3mod/projects/WEATHER_WEAR/app/services/mapquest_service.rb": {
        "lines": [
          1,
          null,
          1,
          1,
          5,
          null,
          null,
          1,
          null,
          1,
          5,
          5,
          null,
          null,
          1,
          5,
          5,
          null,
          null
        ]
      },
      "/Users/meredithtrevino/turing_work/3mod/projects/WEATHER_WEAR/app/services/weather_service.rb": {
        "lines": [
          1,
          1,
          5,
          null,
          null,
          1,
          1,
          5,
          5,
          null,
          null,
          1,
          5,
          5,
          null,
          null,
          null
        ]
      },
      "/Users/meredithtrevino/turing_work/3mod/projects/WEATHER_WEAR/app/poros/forecast.rb": {
        "lines": [
          1,
          1,
          null,
          1,
          2,
          2,
          2,
          2,
          2,
          null,
          null,
          null,
          null,
          null,
          null,
          null,
          null,
          null,
          null,
          null,
          null,
          null,
          null,
          null,
          null,
          null,
          null,
          null,
          null,
          null,
          null,
          null,
          null,
          null,
          null,
          null,
          null,
          null,
          null,
          null,
          null,
          null,
          null,
          null,
          null,
          null,
          null,
          null,
          null,
          null,
          null,
          null
        ]
      },
      "/Users/meredithtrevino/turing_work/3mod/projects/WEATHER_WEAR/app/facades/salary_facade.rb": {
        "lines": [
          1,
          null,
          1,
          3,
          3,
          3,
          3,
          null,
          3,
          null,
          null,
          3,
          null,
          null,
          3,
          null,
          3,
          null,
          3,
          156,
          null,
          null,
          21,
          null,
          null,
          null,
          null,
          null,
          3,
          null,
          null
        ]
      },
      "/Users/meredithtrevino/turing_work/3mod/projects/WEATHER_WEAR/app/services/teleport_service.rb": {
        "lines": [
          1,
          1,
          3,
          null,
          null,
          1,
          1,
          3,
          3,
          null,
          null,
          1,
          3,
          3,
          null,
          null,
          null
        ]
      },
      "/Users/meredithtrevino/turing_work/3mod/projects/WEATHER_WEAR/app/poros/salary.rb": {
        "lines": [
          1,
          1,
          null,
          1,
          3,
          3,
          3,
          3,
          3,
          null,
          null
        ]
      },
      "/Users/meredithtrevino/turing_work/3mod/projects/WEATHER_WEAR/app/controllers/api/v1/salary_controller.rb": {
        "lines": [
          1,
          1,
          1,
          1,
          null,
          null
        ]
      },
      "/Users/meredithtrevino/turing_work/3mod/projects/WEATHER_WEAR/app/controllers/application_controller.rb": {
        "lines": [
          1,
          null
        ]
      },
      "/Users/meredithtrevino/turing_work/3mod/projects/WEATHER_WEAR/app/serializers/salaries_serializer.rb": {
        "lines": [
          1,
          1,
          1,
          null
        ]
      }
    },
    "timestamp": 1682355976
  }
}
